<?xml version="1.0" encoding="UTF-8"?>
<!-- Generated by org.testng.reporters.JUnitReportReporter -->
<testsuite hostname="LAPTOP-8NO3AAUC" failures="0" tests="3" name="com.ajio.tests.loginajio" time="17.073" errors="0" timestamp="2025-10-23T12:36:50 IST" skipped="0">
  <testcase classname="com.ajio.tests.loginajio" name="verifylogin" time="4.768"/>
  <system-out/>
  <testcase classname="com.ajio.tests.loginajio" name="verifylogin" time="5.295"/>
  <system-out/>
  <testcase classname="com.ajio.tests.loginajio" name="verifylogin" time="7.010"/>
  <system-out/>
</testsuite> <!-- com.ajio.tests.loginajio -->
