<?xml version="1.0" encoding="UTF-8"?>
<!-- Generated by org.testng.reporters.JUnitReportReporter -->
<testsuite hostname="LAPTOP-8NO3AAUC" failures="0" tests="3" name="pac1.TC008_TestNG2_Excel" time="26.741" errors="0" timestamp="2025-10-16T15:00:04 IST" skipped="0">
  <testcase classname="pac1.TC008_TestNG2_Excel" name="f" time="11.711"/>
  <system-out/>
  <testcase classname="pac1.TC008_TestNG2_Excel" name="f" time="7.932"/>
  <system-out/>
  <testcase classname="pac1.TC008_TestNG2_Excel" name="f" time="7.098"/>
  <system-out/>
</testsuite> <!-- pac1.TC008_TestNG2_Excel -->
