<?xml version="1.0" encoding="UTF-8"?>
<!-- Generated by org.testng.reporters.JUnitReportReporter -->
<testsuite hostname="LAPTOP-8NO3AAUC" failures="0" tests="1" name="pac1.TC009_TestNG" time="0.002" errors="0" timestamp="2025-10-15T10:22:21 IST" skipped="0">
  <testcase classname="pac1.TC009_TestNG" name="f" time="0.002"/>
  <system-out/>
</testsuite> <!-- pac1.TC009_TestNG -->
