<?xml version="1.0" encoding="UTF-8"?>
<!-- Generated by org.testng.reporters.JUnitReportReporter -->
<testsuite hostname="LAPTOP-8NO3AAUC" failures="0" tests="4" name="pac1.TC0010_Priority" time="0.014" errors="0" timestamp="2025-10-15T10:54:27 IST" skipped="0">
  <testcase classname="pac1.TC0010_Priority" name="zohotest" time="0.009"/>
  <system-out/>
  <testcase classname="pac1.TC0010_Priority" name="amazontest" time="0.002"/>
  <system-out/>
  <testcase classname="pac1.TC0010_Priority" name="yahootest" time="0.001"/>
  <system-out/>
  <testcase classname="pac1.TC0010_Priority" name="aaaa" time="0.002"/>
  <system-out/>
</testsuite> <!-- pac1.TC0010_Priority -->
