<?xml version="1.0" encoding="UTF-8"?>
<!-- Generated by org.testng.reporters.JUnitReportReporter -->
<testsuite hostname="LAPTOP-8NO3AAUC" failures="0" tests="2" name="pac1.Revision_TC" time="13.123" errors="0" timestamp="2025-10-15T15:12:40 IST" skipped="0">
  <testcase classname="pac1.Revision_TC" name="logintest" time="4.876"/>
  <system-out/>
  <testcase classname="pac1.Revision_TC" name="logintest" time="8.247"/>
  <system-out/>
</testsuite> <!-- pac1.Revision_TC -->
