<?xml version="1.0" encoding="UTF-8"?>
<!-- Generated by org.testng.reporters.JUnitReportReporter -->
<testsuite hostname="LAPTOP-8NO3AAUC" failures="0" tests="3" name="pac1.TC008_TestNG2_PageFactory" time="88.686" errors="0" timestamp="2025-10-22T11:14:11 IST" skipped="0">
  <testcase classname="pac1.TC008_TestNG2_PageFactory" name="f" time="16.745"/>
  <system-out/>
  <testcase classname="pac1.TC008_TestNG2_PageFactory" name="f" time="20.785"/>
  <system-out/>
  <testcase classname="pac1.TC008_TestNG2_PageFactory" name="test2" time="51.156"/>
  <system-out/>
</testsuite> <!-- pac1.TC008_TestNG2_PageFactory -->
